The system is: Linux - 4.19.76-linuxkit - x86_64
Compiling the C compiler identification source file "CMakeCCompilerId.c" succeeded.
Compiler: /usr/xcc/arm-linux-gnueabihf/bin/arm-linux-gnueabihf-gcc 
Build flags: 
Id flags:  

The output was:
0


Compilation of the C compiler identification source "CMakeCCompilerId.c" produced "a.out"

The C compiler identification is GNU, found in "/workspaces/testproject/cmake/CMakeFiles/3.10.2/CompilerIdC/a.out"

Compiling the CXX compiler identification source file "CMakeCXXCompilerId.cpp" succeeded.
Compiler: /usr/xcc/arm-linux-gnueabihf/bin/arm-linux-gnueabihf-g++ 
Build flags: 
Id flags:  

The output was:
0


Compilation of the CXX compiler identification source "CMakeCXXCompilerId.cpp" produced "a.out"

The CXX compiler identification is GNU, found in "/workspaces/testproject/cmake/CMakeFiles/3.10.2/CompilerIdCXX/a.out"

Determining if the C compiler works passed with the following output:
Change Dir: /workspaces/testproject/cmake/CMakeFiles/CMakeTmp

Run Build Command:"/usr/bin/make" "cmTC_041e8/fast"
make: Warning: File 'Makefile' has modification time 608631 s in the future
/usr/bin/make -f CMakeFiles/cmTC_041e8.dir/build.make CMakeFiles/cmTC_041e8.dir/build
make[1]: Entering directory '/workspaces/testproject/cmake/CMakeFiles/CMakeTmp'
make[1]: Warning: File 'CMakeFiles/cmTC_041e8.dir/flags.make' has modification time 608631 s in the future
Building C object CMakeFiles/cmTC_041e8.dir/testCCompiler.c.o
/usr/xcc/arm-linux-gnueabihf/bin/arm-linux-gnueabihf-gcc    -o CMakeFiles/cmTC_041e8.dir/testCCompiler.c.o   -c /workspaces/testproject/cmake/CMakeFiles/CMakeTmp/testCCompiler.c
Linking C executable cmTC_041e8
/usr/bin/cmake -E cmake_link_script CMakeFiles/cmTC_041e8.dir/link.txt --verbose=1
/usr/xcc/arm-linux-gnueabihf/bin/arm-linux-gnueabihf-gcc    -L/usr/xcc/arm-linux-gnueabihf/arm-linux-gnueabihf/libc/usr/lib  CMakeFiles/cmTC_041e8.dir/testCCompiler.c.o  -o cmTC_041e8 
make[1]: warning:  Clock skew detected.  Your build may be incomplete.
make[1]: Leaving directory '/workspaces/testproject/cmake/CMakeFiles/CMakeTmp'
make: warning:  Clock skew detected.  Your build may be incomplete.


Detecting C compiler ABI info compiled with the following output:
Change Dir: /workspaces/testproject/cmake/CMakeFiles/CMakeTmp

Run Build Command:"/usr/bin/make" "cmTC_30ede/fast"
make: Warning: File 'Makefile' has modification time 608631 s in the future
/usr/bin/make -f CMakeFiles/cmTC_30ede.dir/build.make CMakeFiles/cmTC_30ede.dir/build
make[1]: Entering directory '/workspaces/testproject/cmake/CMakeFiles/CMakeTmp'
make[1]: Warning: File 'CMakeFiles/cmTC_30ede.dir/flags.make' has modification time 608631 s in the future
Building C object CMakeFiles/cmTC_30ede.dir/CMakeCCompilerABI.c.o
/usr/xcc/arm-linux-gnueabihf/bin/arm-linux-gnueabihf-gcc    -o CMakeFiles/cmTC_30ede.dir/CMakeCCompilerABI.c.o   -c /usr/share/cmake-3.10/Modules/CMakeCCompilerABI.c
Linking C executable cmTC_30ede
/usr/bin/cmake -E cmake_link_script CMakeFiles/cmTC_30ede.dir/link.txt --verbose=1
/usr/xcc/arm-linux-gnueabihf/bin/arm-linux-gnueabihf-gcc    -L/usr/xcc/arm-linux-gnueabihf/arm-linux-gnueabihf/libc/usr/lib -v CMakeFiles/cmTC_30ede.dir/CMakeCCompilerABI.c.o  -o cmTC_30ede 
Using built-in specs.
COLLECT_GCC=/usr/xcc/arm-linux-gnueabihf/bin/arm-linux-gnueabihf-gcc
COLLECT_LTO_WRAPPER=/usr/xcc/arm-linux-gnueabihf/bin/../libexec/gcc/arm-linux-gnueabihf/7.4.1/lto-wrapper
Target: arm-linux-gnueabihf
Configured with: '/home/tcwg-buildslave/workspace/tcwg-make-release_0/snapshots/gcc.git~linaro-7.4-2019.02/configure' SHELL=/bin/bash --with-mpc=/home/tcwg-buildslave/workspace/tcwg-make-release_0/_build/builds/destdir/x86_64-unknown-linux-gnu --with-mpfr=/home/tcwg-buildslave/workspace/tcwg-make-release_0/_build/builds/destdir/x86_64-unknown-linux-gnu --with-gmp=/home/tcwg-buildslave/workspace/tcwg-make-release_0/_build/builds/destdir/x86_64-unknown-linux-gnu --with-gnu-as --with-gnu-ld --disable-libmudflap --enable-lto --enable-shared --without-included-gettext --enable-nls --with-system-zlib --disable-sjlj-exceptions --enable-gnu-unique-object --enable-linker-build-id --disable-libstdcxx-pch --enable-c99 --enable-clocale=gnu --enable-libstdcxx-debug --enable-long-long --with-cloog=no --with-ppl=no --with-isl=no --disable-multilib --with-float=hard --with-fpu=vfpv3-d16 --with-mode=thumb --with-tune=cortex-a9 --with-arch=armv7-a --enable-threads=posix --enable-multiarch --enable-libstdcxx-time=yes --enable-gnu-indirect-function --with-build-sysroot=/home/tcwg-buildslave/workspace/tcwg-make-release_0/_build/sysroots/arm-linux-gnueabihf --with-sysroot=/home/tcwg-buildslave/workspace/tcwg-make-release_0/_build/builds/destdir/x86_64-unknown-linux-gnu/arm-linux-gnueabihf/libc --enable-checking=release --disable-bootstrap --enable-languages=c,c++,fortran,lto --build=x86_64-unknown-linux-gnu --host=x86_64-unknown-linux-gnu --target=arm-linux-gnueabihf --prefix=/home/tcwg-buildslave/workspace/tcwg-make-release_0/_build/builds/destdir/x86_64-unknown-linux-gnu
Thread model: posix
gcc version 7.4.1 20181213 [linaro-7.4-2019.02 revision 56ec6f6b99cc167ff0c2f8e1a2eed33b1edc85d4] (Linaro GCC 7.4-2019.02) 
COMPILER_PATH=/usr/xcc/arm-linux-gnueabihf/bin/../libexec/gcc/arm-linux-gnueabihf/7.4.1/:/usr/xcc/arm-linux-gnueabihf/bin/../libexec/gcc/arm-linux-gnueabihf/:/usr/xcc/arm-linux-gnueabihf/bin/../libexec/gcc/:/usr/xcc/arm-linux-gnueabihf/bin/../lib/gcc/arm-linux-gnueabihf/7.4.1/../../../../arm-linux-gnueabihf/bin/
LIBRARY_PATH=/usr/xcc/arm-linux-gnueabihf/bin/../lib/gcc/arm-linux-gnueabihf/7.4.1/:/usr/xcc/arm-linux-gnueabihf/bin/../lib/gcc/arm-linux-gnueabihf/:/usr/xcc/arm-linux-gnueabihf/bin/../lib/gcc/:/usr/xcc/arm-linux-gnueabihf/bin/../lib/gcc/arm-linux-gnueabihf/7.4.1/../../../../arm-linux-gnueabihf/lib/:/usr/xcc/arm-linux-gnueabihf/bin/../arm-linux-gnueabihf/libc/lib/:/usr/xcc/arm-linux-gnueabihf/bin/../arm-linux-gnueabihf/libc/usr/lib/
COLLECT_GCC_OPTIONS='-L/usr/xcc/arm-linux-gnueabihf/arm-linux-gnueabihf/libc/usr/lib' '-v' '-o' 'cmTC_30ede' '-march=armv7-a' '-mtune=cortex-a9' '-mfloat-abi=hard' '-mfpu=vfpv3-d16' '-mthumb' '-mtls-dialect=gnu'
 /usr/xcc/arm-linux-gnueabihf/bin/../libexec/gcc/arm-linux-gnueabihf/7.4.1/collect2 -plugin /usr/xcc/arm-linux-gnueabihf/bin/../libexec/gcc/arm-linux-gnueabihf/7.4.1/liblto_plugin.so -plugin-opt=/usr/xcc/arm-linux-gnueabihf/bin/../libexec/gcc/arm-linux-gnueabihf/7.4.1/lto-wrapper -plugin-opt=-fresolution=/tmp/cc5VfJpM.res -plugin-opt=-pass-through=-lgcc -plugin-opt=-pass-through=-lgcc_s -plugin-opt=-pass-through=-lc -plugin-opt=-pass-through=-lgcc -plugin-opt=-pass-through=-lgcc_s --sysroot=/usr/xcc/arm-linux-gnueabihf/bin/../arm-linux-gnueabihf/libc --build-id --eh-frame-hdr -dynamic-linker /lib/ld-linux-armhf.so.3 -X -m armelf_linux_eabi -o cmTC_30ede /usr/xcc/arm-linux-gnueabihf/bin/../arm-linux-gnueabihf/libc/usr/lib/crt1.o /usr/xcc/arm-linux-gnueabihf/bin/../arm-linux-gnueabihf/libc/usr/lib/crti.o /usr/xcc/arm-linux-gnueabihf/bin/../lib/gcc/arm-linux-gnueabihf/7.4.1/crtbegin.o -L/usr/xcc/arm-linux-gnueabihf/arm-linux-gnueabihf/libc/usr/lib -L/usr/xcc/arm-linux-gnueabihf/bin/../lib/gcc/arm-linux-gnueabihf/7.4.1 -L/usr/xcc/arm-linux-gnueabihf/bin/../lib/gcc/arm-linux-gnueabihf -L/usr/xcc/arm-linux-gnueabihf/bin/../lib/gcc -L/usr/xcc/arm-linux-gnueabihf/bin/../lib/gcc/arm-linux-gnueabihf/7.4.1/../../../../arm-linux-gnueabihf/lib -L/usr/xcc/arm-linux-gnueabihf/bin/../arm-linux-gnueabihf/libc/lib -L/usr/xcc/arm-linux-gnueabihf/bin/../arm-linux-gnueabihf/libc/usr/lib CMakeFiles/cmTC_30ede.dir/CMakeCCompilerABI.c.o -lgcc --as-needed -lgcc_s --no-as-needed -lc -lgcc --as-needed -lgcc_s --no-as-needed /usr/xcc/arm-linux-gnueabihf/bin/../lib/gcc/arm-linux-gnueabihf/7.4.1/crtend.o /usr/xcc/arm-linux-gnueabihf/bin/../arm-linux-gnueabihf/libc/usr/lib/crtn.o
COLLECT_GCC_OPTIONS='-L/usr/xcc/arm-linux-gnueabihf/arm-linux-gnueabihf/libc/usr/lib' '-v' '-o' 'cmTC_30ede' '-march=armv7-a' '-mtune=cortex-a9' '-mfloat-abi=hard' '-mfpu=vfpv3-d16' '-mthumb' '-mtls-dialect=gnu'
make[1]: warning:  Clock skew detected.  Your build may be incomplete.
make[1]: Leaving directory '/workspaces/testproject/cmake/CMakeFiles/CMakeTmp'
make: warning:  Clock skew detected.  Your build may be incomplete.


Parsed C implicit link information from above output:
  link line regex: [^( *|.*[/\])(CMAKE_LINKER-NOTFOUND|CMAKE_LINK_STARTFILE-NOTFOUND|([^/\]+-)?ld|collect2)[^/\]*( |$)]
  ignore line: [Change Dir: /workspaces/testproject/cmake/CMakeFiles/CMakeTmp]
  ignore line: []
  ignore line: [Run Build Command:"/usr/bin/make" "cmTC_30ede/fast"]
  ignore line: [make: Warning: File 'Makefile' has modification time 608631 s in the future]
  ignore line: [/usr/bin/make -f CMakeFiles/cmTC_30ede.dir/build.make CMakeFiles/cmTC_30ede.dir/build]
  ignore line: [make[1]: Entering directory '/workspaces/testproject/cmake/CMakeFiles/CMakeTmp']
  ignore line: [make[1]: Warning: File 'CMakeFiles/cmTC_30ede.dir/flags.make' has modification time 608631 s in the future]
  ignore line: [Building C object CMakeFiles/cmTC_30ede.dir/CMakeCCompilerABI.c.o]
  ignore line: [/usr/xcc/arm-linux-gnueabihf/bin/arm-linux-gnueabihf-gcc    -o CMakeFiles/cmTC_30ede.dir/CMakeCCompilerABI.c.o   -c /usr/share/cmake-3.10/Modules/CMakeCCompilerABI.c]
  ignore line: [Linking C executable cmTC_30ede]
  ignore line: [/usr/bin/cmake -E cmake_link_script CMakeFiles/cmTC_30ede.dir/link.txt --verbose=1]
  ignore line: [/usr/xcc/arm-linux-gnueabihf/bin/arm-linux-gnueabihf-gcc    -L/usr/xcc/arm-linux-gnueabihf/arm-linux-gnueabihf/libc/usr/lib -v CMakeFiles/cmTC_30ede.dir/CMakeCCompilerABI.c.o  -o cmTC_30ede ]
  ignore line: [Using built-in specs.]
  ignore line: [COLLECT_GCC=/usr/xcc/arm-linux-gnueabihf/bin/arm-linux-gnueabihf-gcc]
  ignore line: [COLLECT_LTO_WRAPPER=/usr/xcc/arm-linux-gnueabihf/bin/../libexec/gcc/arm-linux-gnueabihf/7.4.1/lto-wrapper]
  ignore line: [Target: arm-linux-gnueabihf]
  ignore line: [Configured with: '/home/tcwg-buildslave/workspace/tcwg-make-release_0/snapshots/gcc.git~linaro-7.4-2019.02/configure' SHELL=/bin/bash --with-mpc=/home/tcwg-buildslave/workspace/tcwg-make-release_0/_build/builds/destdir/x86_64-unknown-linux-gnu --with-mpfr=/home/tcwg-buildslave/workspace/tcwg-make-release_0/_build/builds/destdir/x86_64-unknown-linux-gnu --with-gmp=/home/tcwg-buildslave/workspace/tcwg-make-release_0/_build/builds/destdir/x86_64-unknown-linux-gnu --with-gnu-as --with-gnu-ld --disable-libmudflap --enable-lto --enable-shared --without-included-gettext --enable-nls --with-system-zlib --disable-sjlj-exceptions --enable-gnu-unique-object --enable-linker-build-id --disable-libstdcxx-pch --enable-c99 --enable-clocale=gnu --enable-libstdcxx-debug --enable-long-long --with-cloog=no --with-ppl=no --with-isl=no --disable-multilib --with-float=hard --with-fpu=vfpv3-d16 --with-mode=thumb --with-tune=cortex-a9 --with-arch=armv7-a --enable-threads=posix --enable-multiarch --enable-libstdcxx-time=yes --enable-gnu-indirect-function --with-build-sysroot=/home/tcwg-buildslave/workspace/tcwg-make-release_0/_build/sysroots/arm-linux-gnueabihf --with-sysroot=/home/tcwg-buildslave/workspace/tcwg-make-release_0/_build/builds/destdir/x86_64-unknown-linux-gnu/arm-linux-gnueabihf/libc --enable-checking=release --disable-bootstrap --enable-languages=c,c++,fortran,lto --build=x86_64-unknown-linux-gnu --host=x86_64-unknown-linux-gnu --target=arm-linux-gnueabihf --prefix=/home/tcwg-buildslave/workspace/tcwg-make-release_0/_build/builds/destdir/x86_64-unknown-linux-gnu]
  ignore line: [Thread model: posix]
  ignore line: [gcc version 7.4.1 20181213 [linaro-7.4-2019.02 revision 56ec6f6b99cc167ff0c2f8e1a2eed33b1edc85d4] (Linaro GCC 7.4-2019.02) ]
  ignore line: [COMPILER_PATH=/usr/xcc/arm-linux-gnueabihf/bin/../libexec/gcc/arm-linux-gnueabihf/7.4.1/:/usr/xcc/arm-linux-gnueabihf/bin/../libexec/gcc/arm-linux-gnueabihf/:/usr/xcc/arm-linux-gnueabihf/bin/../libexec/gcc/:/usr/xcc/arm-linux-gnueabihf/bin/../lib/gcc/arm-linux-gnueabihf/7.4.1/../../../../arm-linux-gnueabihf/bin/]
  ignore line: [LIBRARY_PATH=/usr/xcc/arm-linux-gnueabihf/bin/../lib/gcc/arm-linux-gnueabihf/7.4.1/:/usr/xcc/arm-linux-gnueabihf/bin/../lib/gcc/arm-linux-gnueabihf/:/usr/xcc/arm-linux-gnueabihf/bin/../lib/gcc/:/usr/xcc/arm-linux-gnueabihf/bin/../lib/gcc/arm-linux-gnueabihf/7.4.1/../../../../arm-linux-gnueabihf/lib/:/usr/xcc/arm-linux-gnueabihf/bin/../arm-linux-gnueabihf/libc/lib/:/usr/xcc/arm-linux-gnueabihf/bin/../arm-linux-gnueabihf/libc/usr/lib/]
  ignore line: [COLLECT_GCC_OPTIONS='-L/usr/xcc/arm-linux-gnueabihf/arm-linux-gnueabihf/libc/usr/lib' '-v' '-o' 'cmTC_30ede' '-march=armv7-a' '-mtune=cortex-a9' '-mfloat-abi=hard' '-mfpu=vfpv3-d16' '-mthumb' '-mtls-dialect=gnu']
  link line: [ /usr/xcc/arm-linux-gnueabihf/bin/../libexec/gcc/arm-linux-gnueabihf/7.4.1/collect2 -plugin /usr/xcc/arm-linux-gnueabihf/bin/../libexec/gcc/arm-linux-gnueabihf/7.4.1/liblto_plugin.so -plugin-opt=/usr/xcc/arm-linux-gnueabihf/bin/../libexec/gcc/arm-linux-gnueabihf/7.4.1/lto-wrapper -plugin-opt=-fresolution=/tmp/cc5VfJpM.res -plugin-opt=-pass-through=-lgcc -plugin-opt=-pass-through=-lgcc_s -plugin-opt=-pass-through=-lc -plugin-opt=-pass-through=-lgcc -plugin-opt=-pass-through=-lgcc_s --sysroot=/usr/xcc/arm-linux-gnueabihf/bin/../arm-linux-gnueabihf/libc --build-id --eh-frame-hdr -dynamic-linker /lib/ld-linux-armhf.so.3 -X -m armelf_linux_eabi -o cmTC_30ede /usr/xcc/arm-linux-gnueabihf/bin/../arm-linux-gnueabihf/libc/usr/lib/crt1.o /usr/xcc/arm-linux-gnueabihf/bin/../arm-linux-gnueabihf/libc/usr/lib/crti.o /usr/xcc/arm-linux-gnueabihf/bin/../lib/gcc/arm-linux-gnueabihf/7.4.1/crtbegin.o -L/usr/xcc/arm-linux-gnueabihf/arm-linux-gnueabihf/libc/usr/lib -L/usr/xcc/arm-linux-gnueabihf/bin/../lib/gcc/arm-linux-gnueabihf/7.4.1 -L/usr/xcc/arm-linux-gnueabihf/bin/../lib/gcc/arm-linux-gnueabihf -L/usr/xcc/arm-linux-gnueabihf/bin/../lib/gcc -L/usr/xcc/arm-linux-gnueabihf/bin/../lib/gcc/arm-linux-gnueabihf/7.4.1/../../../../arm-linux-gnueabihf/lib -L/usr/xcc/arm-linux-gnueabihf/bin/../arm-linux-gnueabihf/libc/lib -L/usr/xcc/arm-linux-gnueabihf/bin/../arm-linux-gnueabihf/libc/usr/lib CMakeFiles/cmTC_30ede.dir/CMakeCCompilerABI.c.o -lgcc --as-needed -lgcc_s --no-as-needed -lc -lgcc --as-needed -lgcc_s --no-as-needed /usr/xcc/arm-linux-gnueabihf/bin/../lib/gcc/arm-linux-gnueabihf/7.4.1/crtend.o /usr/xcc/arm-linux-gnueabihf/bin/../arm-linux-gnueabihf/libc/usr/lib/crtn.o]
    arg [/usr/xcc/arm-linux-gnueabihf/bin/../libexec/gcc/arm-linux-gnueabihf/7.4.1/collect2] ==> ignore
    arg [-plugin] ==> ignore
    arg [/usr/xcc/arm-linux-gnueabihf/bin/../libexec/gcc/arm-linux-gnueabihf/7.4.1/liblto_plugin.so] ==> ignore
    arg [-plugin-opt=/usr/xcc/arm-linux-gnueabihf/bin/../libexec/gcc/arm-linux-gnueabihf/7.4.1/lto-wrapper] ==> ignore
    arg [-plugin-opt=-fresolution=/tmp/cc5VfJpM.res] ==> ignore
    arg [-plugin-opt=-pass-through=-lgcc] ==> ignore
    arg [-plugin-opt=-pass-through=-lgcc_s] ==> ignore
    arg [-plugin-opt=-pass-through=-lc] ==> ignore
    arg [-plugin-opt=-pass-through=-lgcc] ==> ignore
    arg [-plugin-opt=-pass-through=-lgcc_s] ==> ignore
    arg [--sysroot=/usr/xcc/arm-linux-gnueabihf/bin/../arm-linux-gnueabihf/libc] ==> ignore
    arg [--build-id] ==> ignore
    arg [--eh-frame-hdr] ==> ignore
    arg [-dynamic-linker] ==> ignore
    arg [/lib/ld-linux-armhf.so.3] ==> ignore
    arg [-X] ==> ignore
    arg [-m] ==> ignore
    arg [armelf_linux_eabi] ==> ignore
    arg [-o] ==> ignore
    arg [cmTC_30ede] ==> ignore
    arg [/usr/xcc/arm-linux-gnueabihf/bin/../arm-linux-gnueabihf/libc/usr/lib/crt1.o] ==> ignore
    arg [/usr/xcc/arm-linux-gnueabihf/bin/../arm-linux-gnueabihf/libc/usr/lib/crti.o] ==> ignore
    arg [/usr/xcc/arm-linux-gnueabihf/bin/../lib/gcc/arm-linux-gnueabihf/7.4.1/crtbegin.o] ==> ignore
    arg [-L/usr/xcc/arm-linux-gnueabihf/arm-linux-gnueabihf/libc/usr/lib] ==> dir [/usr/xcc/arm-linux-gnueabihf/arm-linux-gnueabihf/libc/usr/lib]
    arg [-L/usr/xcc/arm-linux-gnueabihf/bin/../lib/gcc/arm-linux-gnueabihf/7.4.1] ==> dir [/usr/xcc/arm-linux-gnueabihf/bin/../lib/gcc/arm-linux-gnueabihf/7.4.1]
    arg [-L/usr/xcc/arm-linux-gnueabihf/bin/../lib/gcc/arm-linux-gnueabihf] ==> dir [/usr/xcc/arm-linux-gnueabihf/bin/../lib/gcc/arm-linux-gnueabihf]
    arg [-L/usr/xcc/arm-linux-gnueabihf/bin/../lib/gcc] ==> dir [/usr/xcc/arm-linux-gnueabihf/bin/../lib/gcc]
    arg [-L/usr/xcc/arm-linux-gnueabihf/bin/../lib/gcc/arm-linux-gnueabihf/7.4.1/../../../../arm-linux-gnueabihf/lib] ==> dir [/usr/xcc/arm-linux-gnueabihf/bin/../lib/gcc/arm-linux-gnueabihf/7.4.1/../../../../arm-linux-gnueabihf/lib]
    arg [-L/usr/xcc/arm-linux-gnueabihf/bin/../arm-linux-gnueabihf/libc/lib] ==> dir [/usr/xcc/arm-linux-gnueabihf/bin/../arm-linux-gnueabihf/libc/lib]
    arg [-L/usr/xcc/arm-linux-gnueabihf/bin/../arm-linux-gnueabihf/libc/usr/lib] ==> dir [/usr/xcc/arm-linux-gnueabihf/bin/../arm-linux-gnueabihf/libc/usr/lib]
    arg [CMakeFiles/cmTC_30ede.dir/CMakeCCompilerABI.c.o] ==> ignore
    arg [-lgcc] ==> lib [gcc]
    arg [--as-needed] ==> ignore
    arg [-lgcc_s] ==> lib [gcc_s]
    arg [--no-as-needed] ==> ignore
    arg [-lc] ==> lib [c]
    arg [-lgcc] ==> lib [gcc]
    arg [--as-needed] ==> ignore
    arg [-lgcc_s] ==> lib [gcc_s]
    arg [--no-as-needed] ==> ignore
    arg [/usr/xcc/arm-linux-gnueabihf/bin/../lib/gcc/arm-linux-gnueabihf/7.4.1/crtend.o] ==> ignore
    arg [/usr/xcc/arm-linux-gnueabihf/bin/../arm-linux-gnueabihf/libc/usr/lib/crtn.o] ==> ignore
  collapse library dir [/usr/xcc/arm-linux-gnueabihf/arm-linux-gnueabihf/libc/usr/lib] ==> [/usr/xcc/arm-linux-gnueabihf/arm-linux-gnueabihf/libc/usr/lib]
  collapse library dir [/usr/xcc/arm-linux-gnueabihf/bin/../lib/gcc/arm-linux-gnueabihf/7.4.1] ==> [/usr/xcc/arm-linux-gnueabihf/lib/gcc/arm-linux-gnueabihf/7.4.1]
  collapse library dir [/usr/xcc/arm-linux-gnueabihf/bin/../lib/gcc/arm-linux-gnueabihf] ==> [/usr/xcc/arm-linux-gnueabihf/lib/gcc/arm-linux-gnueabihf]
  collapse library dir [/usr/xcc/arm-linux-gnueabihf/bin/../lib/gcc] ==> [/usr/xcc/arm-linux-gnueabihf/lib/gcc]
  collapse library dir [/usr/xcc/arm-linux-gnueabihf/bin/../lib/gcc/arm-linux-gnueabihf/7.4.1/../../../../arm-linux-gnueabihf/lib] ==> [/usr/xcc/arm-linux-gnueabihf/arm-linux-gnueabihf/lib]
  collapse library dir [/usr/xcc/arm-linux-gnueabihf/bin/../arm-linux-gnueabihf/libc/lib] ==> [/usr/xcc/arm-linux-gnueabihf/arm-linux-gnueabihf/libc/lib]
  collapse library dir [/usr/xcc/arm-linux-gnueabihf/bin/../arm-linux-gnueabihf/libc/usr/lib] ==> [/usr/xcc/arm-linux-gnueabihf/arm-linux-gnueabihf/libc/usr/lib]
  implicit libs: [gcc;gcc_s;c;gcc;gcc_s]
  implicit dirs: [/usr/xcc/arm-linux-gnueabihf/arm-linux-gnueabihf/libc/usr/lib;/usr/xcc/arm-linux-gnueabihf/lib/gcc/arm-linux-gnueabihf/7.4.1;/usr/xcc/arm-linux-gnueabihf/lib/gcc/arm-linux-gnueabihf;/usr/xcc/arm-linux-gnueabihf/lib/gcc;/usr/xcc/arm-linux-gnueabihf/arm-linux-gnueabihf/lib;/usr/xcc/arm-linux-gnueabihf/arm-linux-gnueabihf/libc/lib]
  implicit fwks: []




Detecting C [-std=c11] compiler features compiled with the following output:
Change Dir: /workspaces/testproject/cmake/CMakeFiles/CMakeTmp

Run Build Command:"/usr/bin/make" "cmTC_d0bd5/fast"
make: Warning: File 'Makefile' has modification time 608631 s in the future
/usr/bin/make -f CMakeFiles/cmTC_d0bd5.dir/build.make CMakeFiles/cmTC_d0bd5.dir/build
make[1]: Entering directory '/workspaces/testproject/cmake/CMakeFiles/CMakeTmp'
make[1]: Warning: File 'CMakeFiles/cmTC_d0bd5.dir/flags.make' has modification time 608631 s in the future
Building C object CMakeFiles/cmTC_d0bd5.dir/feature_tests.c.o
/usr/xcc/arm-linux-gnueabihf/bin/arm-linux-gnueabihf-gcc   -std=c11 -o CMakeFiles/cmTC_d0bd5.dir/feature_tests.c.o   -c /workspaces/testproject/cmake/CMakeFiles/feature_tests.c
Linking C executable cmTC_d0bd5
/usr/bin/cmake -E cmake_link_script CMakeFiles/cmTC_d0bd5.dir/link.txt --verbose=1
/usr/xcc/arm-linux-gnueabihf/bin/arm-linux-gnueabihf-gcc    -L/usr/xcc/arm-linux-gnueabihf/arm-linux-gnueabihf/libc/usr/lib  CMakeFiles/cmTC_d0bd5.dir/feature_tests.c.o  -o cmTC_d0bd5 
make[1]: warning:  Clock skew detected.  Your build may be incomplete.
make[1]: Leaving directory '/workspaces/testproject/cmake/CMakeFiles/CMakeTmp'
make: warning:  Clock skew detected.  Your build may be incomplete.


    Feature record: C_FEATURE:1c_function_prototypes
    Feature record: C_FEATURE:1c_restrict
    Feature record: C_FEATURE:1c_static_assert
    Feature record: C_FEATURE:1c_variadic_macros


Detecting C [-std=c99] compiler features compiled with the following output:
Change Dir: /workspaces/testproject/cmake/CMakeFiles/CMakeTmp

Run Build Command:"/usr/bin/make" "cmTC_47e27/fast"
make: Warning: File 'Makefile' has modification time 608631 s in the future
/usr/bin/make -f CMakeFiles/cmTC_47e27.dir/build.make CMakeFiles/cmTC_47e27.dir/build
make[1]: Entering directory '/workspaces/testproject/cmake/CMakeFiles/CMakeTmp'
make[1]: Warning: File 'CMakeFiles/cmTC_47e27.dir/flags.make' has modification time 608631 s in the future
Building C object CMakeFiles/cmTC_47e27.dir/feature_tests.c.o
/usr/xcc/arm-linux-gnueabihf/bin/arm-linux-gnueabihf-gcc   -std=c99 -o CMakeFiles/cmTC_47e27.dir/feature_tests.c.o   -c /workspaces/testproject/cmake/CMakeFiles/feature_tests.c
Linking C executable cmTC_47e27
/usr/bin/cmake -E cmake_link_script CMakeFiles/cmTC_47e27.dir/link.txt --verbose=1
/usr/xcc/arm-linux-gnueabihf/bin/arm-linux-gnueabihf-gcc    -L/usr/xcc/arm-linux-gnueabihf/arm-linux-gnueabihf/libc/usr/lib  CMakeFiles/cmTC_47e27.dir/feature_tests.c.o  -o cmTC_47e27 
make[1]: warning:  Clock skew detected.  Your build may be incomplete.
make[1]: Leaving directory '/workspaces/testproject/cmake/CMakeFiles/CMakeTmp'
make: warning:  Clock skew detected.  Your build may be incomplete.


    Feature record: C_FEATURE:1c_function_prototypes
    Feature record: C_FEATURE:1c_restrict
    Feature record: C_FEATURE:0c_static_assert
    Feature record: C_FEATURE:1c_variadic_macros


Detecting C [-std=c90] compiler features compiled with the following output:
Change Dir: /workspaces/testproject/cmake/CMakeFiles/CMakeTmp

Run Build Command:"/usr/bin/make" "cmTC_421a7/fast"
make: Warning: File 'Makefile' has modification time 608631 s in the future
/usr/bin/make -f CMakeFiles/cmTC_421a7.dir/build.make CMakeFiles/cmTC_421a7.dir/build
make[1]: Entering directory '/workspaces/testproject/cmake/CMakeFiles/CMakeTmp'
make[1]: Warning: File 'CMakeFiles/cmTC_421a7.dir/flags.make' has modification time 608631 s in the future
Building C object CMakeFiles/cmTC_421a7.dir/feature_tests.c.o
/usr/xcc/arm-linux-gnueabihf/bin/arm-linux-gnueabihf-gcc   -std=c90 -o CMakeFiles/cmTC_421a7.dir/feature_tests.c.o   -c /workspaces/testproject/cmake/CMakeFiles/feature_tests.c
Linking C executable cmTC_421a7
/usr/bin/cmake -E cmake_link_script CMakeFiles/cmTC_421a7.dir/link.txt --verbose=1
/usr/xcc/arm-linux-gnueabihf/bin/arm-linux-gnueabihf-gcc    -L/usr/xcc/arm-linux-gnueabihf/arm-linux-gnueabihf/libc/usr/lib  CMakeFiles/cmTC_421a7.dir/feature_tests.c.o  -o cmTC_421a7 
make[1]: warning:  Clock skew detected.  Your build may be incomplete.
make[1]: Leaving directory '/workspaces/testproject/cmake/CMakeFiles/CMakeTmp'
make: warning:  Clock skew detected.  Your build may be incomplete.


    Feature record: C_FEATURE:1c_function_prototypes
    Feature record: C_FEATURE:0c_restrict
    Feature record: C_FEATURE:0c_static_assert
    Feature record: C_FEATURE:0c_variadic_macros
Determining if the CXX compiler works passed with the following output:
Change Dir: /workspaces/testproject/cmake/CMakeFiles/CMakeTmp

Run Build Command:"/usr/bin/make" "cmTC_b23f6/fast"
make: Warning: File 'Makefile' has modification time 608631 s in the future
/usr/bin/make -f CMakeFiles/cmTC_b23f6.dir/build.make CMakeFiles/cmTC_b23f6.dir/build
make[1]: Entering directory '/workspaces/testproject/cmake/CMakeFiles/CMakeTmp'
make[1]: Warning: File 'CMakeFiles/cmTC_b23f6.dir/flags.make' has modification time 608630 s in the future
Building CXX object CMakeFiles/cmTC_b23f6.dir/testCXXCompiler.cxx.o
/usr/xcc/arm-linux-gnueabihf/bin/arm-linux-gnueabihf-g++     -o CMakeFiles/cmTC_b23f6.dir/testCXXCompiler.cxx.o -c /workspaces/testproject/cmake/CMakeFiles/CMakeTmp/testCXXCompiler.cxx
Linking CXX executable cmTC_b23f6
/usr/bin/cmake -E cmake_link_script CMakeFiles/cmTC_b23f6.dir/link.txt --verbose=1
/usr/xcc/arm-linux-gnueabihf/bin/arm-linux-gnueabihf-g++     -L/usr/xcc/arm-linux-gnueabihf/arm-linux-gnueabihf/libc/usr/lib  CMakeFiles/cmTC_b23f6.dir/testCXXCompiler.cxx.o  -o cmTC_b23f6 
make[1]: warning:  Clock skew detected.  Your build may be incomplete.
make[1]: Leaving directory '/workspaces/testproject/cmake/CMakeFiles/CMakeTmp'
make: warning:  Clock skew detected.  Your build may be incomplete.


Detecting CXX compiler ABI info compiled with the following output:
Change Dir: /workspaces/testproject/cmake/CMakeFiles/CMakeTmp

Run Build Command:"/usr/bin/make" "cmTC_e1075/fast"
make: Warning: File 'Makefile' has modification time 608630 s in the future
/usr/bin/make -f CMakeFiles/cmTC_e1075.dir/build.make CMakeFiles/cmTC_e1075.dir/build
make[1]: Entering directory '/workspaces/testproject/cmake/CMakeFiles/CMakeTmp'
make[1]: Warning: File 'CMakeFiles/cmTC_e1075.dir/flags.make' has modification time 608630 s in the future
Building CXX object CMakeFiles/cmTC_e1075.dir/CMakeCXXCompilerABI.cpp.o
/usr/xcc/arm-linux-gnueabihf/bin/arm-linux-gnueabihf-g++     -o CMakeFiles/cmTC_e1075.dir/CMakeCXXCompilerABI.cpp.o -c /usr/share/cmake-3.10/Modules/CMakeCXXCompilerABI.cpp
Linking CXX executable cmTC_e1075
/usr/bin/cmake -E cmake_link_script CMakeFiles/cmTC_e1075.dir/link.txt --verbose=1
/usr/xcc/arm-linux-gnueabihf/bin/arm-linux-gnueabihf-g++     -L/usr/xcc/arm-linux-gnueabihf/arm-linux-gnueabihf/libc/usr/lib -v CMakeFiles/cmTC_e1075.dir/CMakeCXXCompilerABI.cpp.o  -o cmTC_e1075 
Using built-in specs.
COLLECT_GCC=/usr/xcc/arm-linux-gnueabihf/bin/arm-linux-gnueabihf-g++
COLLECT_LTO_WRAPPER=/usr/xcc/arm-linux-gnueabihf/bin/../libexec/gcc/arm-linux-gnueabihf/7.4.1/lto-wrapper
Target: arm-linux-gnueabihf
Configured with: '/home/tcwg-buildslave/workspace/tcwg-make-release_0/snapshots/gcc.git~linaro-7.4-2019.02/configure' SHELL=/bin/bash --with-mpc=/home/tcwg-buildslave/workspace/tcwg-make-release_0/_build/builds/destdir/x86_64-unknown-linux-gnu --with-mpfr=/home/tcwg-buildslave/workspace/tcwg-make-release_0/_build/builds/destdir/x86_64-unknown-linux-gnu --with-gmp=/home/tcwg-buildslave/workspace/tcwg-make-release_0/_build/builds/destdir/x86_64-unknown-linux-gnu --with-gnu-as --with-gnu-ld --disable-libmudflap --enable-lto --enable-shared --without-included-gettext --enable-nls --with-system-zlib --disable-sjlj-exceptions --enable-gnu-unique-object --enable-linker-build-id --disable-libstdcxx-pch --enable-c99 --enable-clocale=gnu --enable-libstdcxx-debug --enable-long-long --with-cloog=no --with-ppl=no --with-isl=no --disable-multilib --with-float=hard --with-fpu=vfpv3-d16 --with-mode=thumb --with-tune=cortex-a9 --with-arch=armv7-a --enable-threads=posix --enable-multiarch --enable-libstdcxx-time=yes --enable-gnu-indirect-function --with-build-sysroot=/home/tcwg-buildslave/workspace/tcwg-make-release_0/_build/sysroots/arm-linux-gnueabihf --with-sysroot=/home/tcwg-buildslave/workspace/tcwg-make-release_0/_build/builds/destdir/x86_64-unknown-linux-gnu/arm-linux-gnueabihf/libc --enable-checking=release --disable-bootstrap --enable-languages=c,c++,fortran,lto --build=x86_64-unknown-linux-gnu --host=x86_64-unknown-linux-gnu --target=arm-linux-gnueabihf --prefix=/home/tcwg-buildslave/workspace/tcwg-make-release_0/_build/builds/destdir/x86_64-unknown-linux-gnu
Thread model: posix
gcc version 7.4.1 20181213 [linaro-7.4-2019.02 revision 56ec6f6b99cc167ff0c2f8e1a2eed33b1edc85d4] (Linaro GCC 7.4-2019.02) 
COMPILER_PATH=/usr/xcc/arm-linux-gnueabihf/bin/../libexec/gcc/arm-linux-gnueabihf/7.4.1/:/usr/xcc/arm-linux-gnueabihf/bin/../libexec/gcc/arm-linux-gnueabihf/:/usr/xcc/arm-linux-gnueabihf/bin/../libexec/gcc/:/usr/xcc/arm-linux-gnueabihf/bin/../lib/gcc/arm-linux-gnueabihf/7.4.1/../../../../arm-linux-gnueabihf/bin/
LIBRARY_PATH=/usr/xcc/arm-linux-gnueabihf/bin/../lib/gcc/arm-linux-gnueabihf/7.4.1/:/usr/xcc/arm-linux-gnueabihf/bin/../lib/gcc/arm-linux-gnueabihf/:/usr/xcc/arm-linux-gnueabihf/bin/../lib/gcc/:/usr/xcc/arm-linux-gnueabihf/bin/../lib/gcc/arm-linux-gnueabihf/7.4.1/../../../../arm-linux-gnueabihf/lib/:/usr/xcc/arm-linux-gnueabihf/bin/../arm-linux-gnueabihf/libc/lib/:/usr/xcc/arm-linux-gnueabihf/bin/../arm-linux-gnueabihf/libc/usr/lib/
COLLECT_GCC_OPTIONS='-L/usr/xcc/arm-linux-gnueabihf/arm-linux-gnueabihf/libc/usr/lib' '-v' '-o' 'cmTC_e1075' '-shared-libgcc' '-march=armv7-a' '-mtune=cortex-a9' '-mfloat-abi=hard' '-mfpu=vfpv3-d16' '-mthumb' '-mtls-dialect=gnu'
 /usr/xcc/arm-linux-gnueabihf/bin/../libexec/gcc/arm-linux-gnueabihf/7.4.1/collect2 -plugin /usr/xcc/arm-linux-gnueabihf/bin/../libexec/gcc/arm-linux-gnueabihf/7.4.1/liblto_plugin.so -plugin-opt=/usr/xcc/arm-linux-gnueabihf/bin/../libexec/gcc/arm-linux-gnueabihf/7.4.1/lto-wrapper -plugin-opt=-fresolution=/tmp/ccSyA0lk.res -plugin-opt=-pass-through=-lgcc_s -plugin-opt=-pass-through=-lgcc -plugin-opt=-pass-through=-lc -plugin-opt=-pass-through=-lgcc_s -plugin-opt=-pass-through=-lgcc --sysroot=/usr/xcc/arm-linux-gnueabihf/bin/../arm-linux-gnueabihf/libc --build-id --eh-frame-hdr -dynamic-linker /lib/ld-linux-armhf.so.3 -X -m armelf_linux_eabi -o cmTC_e1075 /usr/xcc/arm-linux-gnueabihf/bin/../arm-linux-gnueabihf/libc/usr/lib/crt1.o /usr/xcc/arm-linux-gnueabihf/bin/../arm-linux-gnueabihf/libc/usr/lib/crti.o /usr/xcc/arm-linux-gnueabihf/bin/../lib/gcc/arm-linux-gnueabihf/7.4.1/crtbegin.o -L/usr/xcc/arm-linux-gnueabihf/arm-linux-gnueabihf/libc/usr/lib -L/usr/xcc/arm-linux-gnueabihf/bin/../lib/gcc/arm-linux-gnueabihf/7.4.1 -L/usr/xcc/arm-linux-gnueabihf/bin/../lib/gcc/arm-linux-gnueabihf -L/usr/xcc/arm-linux-gnueabihf/bin/../lib/gcc -L/usr/xcc/arm-linux-gnueabihf/bin/../lib/gcc/arm-linux-gnueabihf/7.4.1/../../../../arm-linux-gnueabihf/lib -L/usr/xcc/arm-linux-gnueabihf/bin/../arm-linux-gnueabihf/libc/lib -L/usr/xcc/arm-linux-gnueabihf/bin/../arm-linux-gnueabihf/libc/usr/lib CMakeFiles/cmTC_e1075.dir/CMakeCXXCompilerABI.cpp.o -lstdc++ -lm -lgcc_s -lgcc -lc -lgcc_s -lgcc /usr/xcc/arm-linux-gnueabihf/bin/../lib/gcc/arm-linux-gnueabihf/7.4.1/crtend.o /usr/xcc/arm-linux-gnueabihf/bin/../arm-linux-gnueabihf/libc/usr/lib/crtn.o
COLLECT_GCC_OPTIONS='-L/usr/xcc/arm-linux-gnueabihf/arm-linux-gnueabihf/libc/usr/lib' '-v' '-o' 'cmTC_e1075' '-shared-libgcc' '-march=armv7-a' '-mtune=cortex-a9' '-mfloat-abi=hard' '-mfpu=vfpv3-d16' '-mthumb' '-mtls-dialect=gnu'
make[1]: warning:  Clock skew detected.  Your build may be incomplete.
make[1]: Leaving directory '/workspaces/testproject/cmake/CMakeFiles/CMakeTmp'
make: warning:  Clock skew detected.  Your build may be incomplete.


Parsed CXX implicit link information from above output:
  link line regex: [^( *|.*[/\])(CMAKE_LINKER-NOTFOUND|CMAKE_LINK_STARTFILE-NOTFOUND|([^/\]+-)?ld|collect2)[^/\]*( |$)]
  ignore line: [Change Dir: /workspaces/testproject/cmake/CMakeFiles/CMakeTmp]
  ignore line: []
  ignore line: [Run Build Command:"/usr/bin/make" "cmTC_e1075/fast"]
  ignore line: [make: Warning: File 'Makefile' has modification time 608630 s in the future]
  ignore line: [/usr/bin/make -f CMakeFiles/cmTC_e1075.dir/build.make CMakeFiles/cmTC_e1075.dir/build]
  ignore line: [make[1]: Entering directory '/workspaces/testproject/cmake/CMakeFiles/CMakeTmp']
  ignore line: [make[1]: Warning: File 'CMakeFiles/cmTC_e1075.dir/flags.make' has modification time 608630 s in the future]
  ignore line: [Building CXX object CMakeFiles/cmTC_e1075.dir/CMakeCXXCompilerABI.cpp.o]
  ignore line: [/usr/xcc/arm-linux-gnueabihf/bin/arm-linux-gnueabihf-g++     -o CMakeFiles/cmTC_e1075.dir/CMakeCXXCompilerABI.cpp.o -c /usr/share/cmake-3.10/Modules/CMakeCXXCompilerABI.cpp]
  ignore line: [Linking CXX executable cmTC_e1075]
  ignore line: [/usr/bin/cmake -E cmake_link_script CMakeFiles/cmTC_e1075.dir/link.txt --verbose=1]
  ignore line: [/usr/xcc/arm-linux-gnueabihf/bin/arm-linux-gnueabihf-g++     -L/usr/xcc/arm-linux-gnueabihf/arm-linux-gnueabihf/libc/usr/lib -v CMakeFiles/cmTC_e1075.dir/CMakeCXXCompilerABI.cpp.o  -o cmTC_e1075 ]
  ignore line: [Using built-in specs.]
  ignore line: [COLLECT_GCC=/usr/xcc/arm-linux-gnueabihf/bin/arm-linux-gnueabihf-g++]
  ignore line: [COLLECT_LTO_WRAPPER=/usr/xcc/arm-linux-gnueabihf/bin/../libexec/gcc/arm-linux-gnueabihf/7.4.1/lto-wrapper]
  ignore line: [Target: arm-linux-gnueabihf]
  ignore line: [Configured with: '/home/tcwg-buildslave/workspace/tcwg-make-release_0/snapshots/gcc.git~linaro-7.4-2019.02/configure' SHELL=/bin/bash --with-mpc=/home/tcwg-buildslave/workspace/tcwg-make-release_0/_build/builds/destdir/x86_64-unknown-linux-gnu --with-mpfr=/home/tcwg-buildslave/workspace/tcwg-make-release_0/_build/builds/destdir/x86_64-unknown-linux-gnu --with-gmp=/home/tcwg-buildslave/workspace/tcwg-make-release_0/_build/builds/destdir/x86_64-unknown-linux-gnu --with-gnu-as --with-gnu-ld --disable-libmudflap --enable-lto --enable-shared --without-included-gettext --enable-nls --with-system-zlib --disable-sjlj-exceptions --enable-gnu-unique-object --enable-linker-build-id --disable-libstdcxx-pch --enable-c99 --enable-clocale=gnu --enable-libstdcxx-debug --enable-long-long --with-cloog=no --with-ppl=no --with-isl=no --disable-multilib --with-float=hard --with-fpu=vfpv3-d16 --with-mode=thumb --with-tune=cortex-a9 --with-arch=armv7-a --enable-threads=posix --enable-multiarch --enable-libstdcxx-time=yes --enable-gnu-indirect-function --with-build-sysroot=/home/tcwg-buildslave/workspace/tcwg-make-release_0/_build/sysroots/arm-linux-gnueabihf --with-sysroot=/home/tcwg-buildslave/workspace/tcwg-make-release_0/_build/builds/destdir/x86_64-unknown-linux-gnu/arm-linux-gnueabihf/libc --enable-checking=release --disable-bootstrap --enable-languages=c,c++,fortran,lto --build=x86_64-unknown-linux-gnu --host=x86_64-unknown-linux-gnu --target=arm-linux-gnueabihf --prefix=/home/tcwg-buildslave/workspace/tcwg-make-release_0/_build/builds/destdir/x86_64-unknown-linux-gnu]
  ignore line: [Thread model: posix]
  ignore line: [gcc version 7.4.1 20181213 [linaro-7.4-2019.02 revision 56ec6f6b99cc167ff0c2f8e1a2eed33b1edc85d4] (Linaro GCC 7.4-2019.02) ]
  ignore line: [COMPILER_PATH=/usr/xcc/arm-linux-gnueabihf/bin/../libexec/gcc/arm-linux-gnueabihf/7.4.1/:/usr/xcc/arm-linux-gnueabihf/bin/../libexec/gcc/arm-linux-gnueabihf/:/usr/xcc/arm-linux-gnueabihf/bin/../libexec/gcc/:/usr/xcc/arm-linux-gnueabihf/bin/../lib/gcc/arm-linux-gnueabihf/7.4.1/../../../../arm-linux-gnueabihf/bin/]
  ignore line: [LIBRARY_PATH=/usr/xcc/arm-linux-gnueabihf/bin/../lib/gcc/arm-linux-gnueabihf/7.4.1/:/usr/xcc/arm-linux-gnueabihf/bin/../lib/gcc/arm-linux-gnueabihf/:/usr/xcc/arm-linux-gnueabihf/bin/../lib/gcc/:/usr/xcc/arm-linux-gnueabihf/bin/../lib/gcc/arm-linux-gnueabihf/7.4.1/../../../../arm-linux-gnueabihf/lib/:/usr/xcc/arm-linux-gnueabihf/bin/../arm-linux-gnueabihf/libc/lib/:/usr/xcc/arm-linux-gnueabihf/bin/../arm-linux-gnueabihf/libc/usr/lib/]
  ignore line: [COLLECT_GCC_OPTIONS='-L/usr/xcc/arm-linux-gnueabihf/arm-linux-gnueabihf/libc/usr/lib' '-v' '-o' 'cmTC_e1075' '-shared-libgcc' '-march=armv7-a' '-mtune=cortex-a9' '-mfloat-abi=hard' '-mfpu=vfpv3-d16' '-mthumb' '-mtls-dialect=gnu']
  link line: [ /usr/xcc/arm-linux-gnueabihf/bin/../libexec/gcc/arm-linux-gnueabihf/7.4.1/collect2 -plugin /usr/xcc/arm-linux-gnueabihf/bin/../libexec/gcc/arm-linux-gnueabihf/7.4.1/liblto_plugin.so -plugin-opt=/usr/xcc/arm-linux-gnueabihf/bin/../libexec/gcc/arm-linux-gnueabihf/7.4.1/lto-wrapper -plugin-opt=-fresolution=/tmp/ccSyA0lk.res -plugin-opt=-pass-through=-lgcc_s -plugin-opt=-pass-through=-lgcc -plugin-opt=-pass-through=-lc -plugin-opt=-pass-through=-lgcc_s -plugin-opt=-pass-through=-lgcc --sysroot=/usr/xcc/arm-linux-gnueabihf/bin/../arm-linux-gnueabihf/libc --build-id --eh-frame-hdr -dynamic-linker /lib/ld-linux-armhf.so.3 -X -m armelf_linux_eabi -o cmTC_e1075 /usr/xcc/arm-linux-gnueabihf/bin/../arm-linux-gnueabihf/libc/usr/lib/crt1.o /usr/xcc/arm-linux-gnueabihf/bin/../arm-linux-gnueabihf/libc/usr/lib/crti.o /usr/xcc/arm-linux-gnueabihf/bin/../lib/gcc/arm-linux-gnueabihf/7.4.1/crtbegin.o -L/usr/xcc/arm-linux-gnueabihf/arm-linux-gnueabihf/libc/usr/lib -L/usr/xcc/arm-linux-gnueabihf/bin/../lib/gcc/arm-linux-gnueabihf/7.4.1 -L/usr/xcc/arm-linux-gnueabihf/bin/../lib/gcc/arm-linux-gnueabihf -L/usr/xcc/arm-linux-gnueabihf/bin/../lib/gcc -L/usr/xcc/arm-linux-gnueabihf/bin/../lib/gcc/arm-linux-gnueabihf/7.4.1/../../../../arm-linux-gnueabihf/lib -L/usr/xcc/arm-linux-gnueabihf/bin/../arm-linux-gnueabihf/libc/lib -L/usr/xcc/arm-linux-gnueabihf/bin/../arm-linux-gnueabihf/libc/usr/lib CMakeFiles/cmTC_e1075.dir/CMakeCXXCompilerABI.cpp.o -lstdc++ -lm -lgcc_s -lgcc -lc -lgcc_s -lgcc /usr/xcc/arm-linux-gnueabihf/bin/../lib/gcc/arm-linux-gnueabihf/7.4.1/crtend.o /usr/xcc/arm-linux-gnueabihf/bin/../arm-linux-gnueabihf/libc/usr/lib/crtn.o]
    arg [/usr/xcc/arm-linux-gnueabihf/bin/../libexec/gcc/arm-linux-gnueabihf/7.4.1/collect2] ==> ignore
    arg [-plugin] ==> ignore
    arg [/usr/xcc/arm-linux-gnueabihf/bin/../libexec/gcc/arm-linux-gnueabihf/7.4.1/liblto_plugin.so] ==> ignore
    arg [-plugin-opt=/usr/xcc/arm-linux-gnueabihf/bin/../libexec/gcc/arm-linux-gnueabihf/7.4.1/lto-wrapper] ==> ignore
    arg [-plugin-opt=-fresolution=/tmp/ccSyA0lk.res] ==> ignore
    arg [-plugin-opt=-pass-through=-lgcc_s] ==> ignore
    arg [-plugin-opt=-pass-through=-lgcc] ==> ignore
    arg [-plugin-opt=-pass-through=-lc] ==> ignore
    arg [-plugin-opt=-pass-through=-lgcc_s] ==> ignore
    arg [-plugin-opt=-pass-through=-lgcc] ==> ignore
    arg [--sysroot=/usr/xcc/arm-linux-gnueabihf/bin/../arm-linux-gnueabihf/libc] ==> ignore
    arg [--build-id] ==> ignore
    arg [--eh-frame-hdr] ==> ignore
    arg [-dynamic-linker] ==> ignore
    arg [/lib/ld-linux-armhf.so.3] ==> ignore
    arg [-X] ==> ignore
    arg [-m] ==> ignore
    arg [armelf_linux_eabi] ==> ignore
    arg [-o] ==> ignore
    arg [cmTC_e1075] ==> ignore
    arg [/usr/xcc/arm-linux-gnueabihf/bin/../arm-linux-gnueabihf/libc/usr/lib/crt1.o] ==> ignore
    arg [/usr/xcc/arm-linux-gnueabihf/bin/../arm-linux-gnueabihf/libc/usr/lib/crti.o] ==> ignore
    arg [/usr/xcc/arm-linux-gnueabihf/bin/../lib/gcc/arm-linux-gnueabihf/7.4.1/crtbegin.o] ==> ignore
    arg [-L/usr/xcc/arm-linux-gnueabihf/arm-linux-gnueabihf/libc/usr/lib] ==> dir [/usr/xcc/arm-linux-gnueabihf/arm-linux-gnueabihf/libc/usr/lib]
    arg [-L/usr/xcc/arm-linux-gnueabihf/bin/../lib/gcc/arm-linux-gnueabihf/7.4.1] ==> dir [/usr/xcc/arm-linux-gnueabihf/bin/../lib/gcc/arm-linux-gnueabihf/7.4.1]
    arg [-L/usr/xcc/arm-linux-gnueabihf/bin/../lib/gcc/arm-linux-gnueabihf] ==> dir [/usr/xcc/arm-linux-gnueabihf/bin/../lib/gcc/arm-linux-gnueabihf]
    arg [-L/usr/xcc/arm-linux-gnueabihf/bin/../lib/gcc] ==> dir [/usr/xcc/arm-linux-gnueabihf/bin/../lib/gcc]
    arg [-L/usr/xcc/arm-linux-gnueabihf/bin/../lib/gcc/arm-linux-gnueabihf/7.4.1/../../../../arm-linux-gnueabihf/lib] ==> dir [/usr/xcc/arm-linux-gnueabihf/bin/../lib/gcc/arm-linux-gnueabihf/7.4.1/../../../../arm-linux-gnueabihf/lib]
    arg [-L/usr/xcc/arm-linux-gnueabihf/bin/../arm-linux-gnueabihf/libc/lib] ==> dir [/usr/xcc/arm-linux-gnueabihf/bin/../arm-linux-gnueabihf/libc/lib]
    arg [-L/usr/xcc/arm-linux-gnueabihf/bin/../arm-linux-gnueabihf/libc/usr/lib] ==> dir [/usr/xcc/arm-linux-gnueabihf/bin/../arm-linux-gnueabihf/libc/usr/lib]
    arg [CMakeFiles/cmTC_e1075.dir/CMakeCXXCompilerABI.cpp.o] ==> ignore
    arg [-lstdc++] ==> lib [stdc++]
    arg [-lm] ==> lib [m]
    arg [-lgcc_s] ==> lib [gcc_s]
    arg [-lgcc] ==> lib [gcc]
    arg [-lc] ==> lib [c]
    arg [-lgcc_s] ==> lib [gcc_s]
    arg [-lgcc] ==> lib [gcc]
    arg [/usr/xcc/arm-linux-gnueabihf/bin/../lib/gcc/arm-linux-gnueabihf/7.4.1/crtend.o] ==> ignore
    arg [/usr/xcc/arm-linux-gnueabihf/bin/../arm-linux-gnueabihf/libc/usr/lib/crtn.o] ==> ignore
  collapse library dir [/usr/xcc/arm-linux-gnueabihf/arm-linux-gnueabihf/libc/usr/lib] ==> [/usr/xcc/arm-linux-gnueabihf/arm-linux-gnueabihf/libc/usr/lib]
  collapse library dir [/usr/xcc/arm-linux-gnueabihf/bin/../lib/gcc/arm-linux-gnueabihf/7.4.1] ==> [/usr/xcc/arm-linux-gnueabihf/lib/gcc/arm-linux-gnueabihf/7.4.1]
  collapse library dir [/usr/xcc/arm-linux-gnueabihf/bin/../lib/gcc/arm-linux-gnueabihf] ==> [/usr/xcc/arm-linux-gnueabihf/lib/gcc/arm-linux-gnueabihf]
  collapse library dir [/usr/xcc/arm-linux-gnueabihf/bin/../lib/gcc] ==> [/usr/xcc/arm-linux-gnueabihf/lib/gcc]
  collapse library dir [/usr/xcc/arm-linux-gnueabihf/bin/../lib/gcc/arm-linux-gnueabihf/7.4.1/../../../../arm-linux-gnueabihf/lib] ==> [/usr/xcc/arm-linux-gnueabihf/arm-linux-gnueabihf/lib]
  collapse library dir [/usr/xcc/arm-linux-gnueabihf/bin/../arm-linux-gnueabihf/libc/lib] ==> [/usr/xcc/arm-linux-gnueabihf/arm-linux-gnueabihf/libc/lib]
  collapse library dir [/usr/xcc/arm-linux-gnueabihf/bin/../arm-linux-gnueabihf/libc/usr/lib] ==> [/usr/xcc/arm-linux-gnueabihf/arm-linux-gnueabihf/libc/usr/lib]
  implicit libs: [stdc++;m;gcc_s;gcc;c;gcc_s;gcc]
  implicit dirs: [/usr/xcc/arm-linux-gnueabihf/arm-linux-gnueabihf/libc/usr/lib;/usr/xcc/arm-linux-gnueabihf/lib/gcc/arm-linux-gnueabihf/7.4.1;/usr/xcc/arm-linux-gnueabihf/lib/gcc/arm-linux-gnueabihf;/usr/xcc/arm-linux-gnueabihf/lib/gcc;/usr/xcc/arm-linux-gnueabihf/arm-linux-gnueabihf/lib;/usr/xcc/arm-linux-gnueabihf/arm-linux-gnueabihf/libc/lib]
  implicit fwks: []




Detecting CXX [-std=c++1z] compiler features compiled with the following output:
Change Dir: /workspaces/testproject/cmake/CMakeFiles/CMakeTmp

Run Build Command:"/usr/bin/make" "cmTC_34c3d/fast"
make: Warning: File 'Makefile' has modification time 608630 s in the future
/usr/bin/make -f CMakeFiles/cmTC_34c3d.dir/build.make CMakeFiles/cmTC_34c3d.dir/build
make[1]: Entering directory '/workspaces/testproject/cmake/CMakeFiles/CMakeTmp'
make[1]: Warning: File 'CMakeFiles/cmTC_34c3d.dir/flags.make' has modification time 608630 s in the future
Building CXX object CMakeFiles/cmTC_34c3d.dir/feature_tests.cxx.o
/usr/xcc/arm-linux-gnueabihf/bin/arm-linux-gnueabihf-g++    -std=c++1z -o CMakeFiles/cmTC_34c3d.dir/feature_tests.cxx.o -c /workspaces/testproject/cmake/CMakeFiles/feature_tests.cxx
Linking CXX executable cmTC_34c3d
/usr/bin/cmake -E cmake_link_script CMakeFiles/cmTC_34c3d.dir/link.txt --verbose=1
/usr/xcc/arm-linux-gnueabihf/bin/arm-linux-gnueabihf-g++     -L/usr/xcc/arm-linux-gnueabihf/arm-linux-gnueabihf/libc/usr/lib  CMakeFiles/cmTC_34c3d.dir/feature_tests.cxx.o  -o cmTC_34c3d 
make[1]: warning:  Clock skew detected.  Your build may be incomplete.
make[1]: Leaving directory '/workspaces/testproject/cmake/CMakeFiles/CMakeTmp'
make: warning:  Clock skew detected.  Your build may be incomplete.


    Feature record: CXX_FEATURE:1cxx_aggregate_default_initializers
    Feature record: CXX_FEATURE:1cxx_alias_templates
    Feature record: CXX_FEATURE:1cxx_alignas
    Feature record: CXX_FEATURE:1cxx_alignof
    Feature record: CXX_FEATURE:1cxx_attributes
    Feature record: CXX_FEATURE:1cxx_attribute_deprecated
    Feature record: CXX_FEATURE:1cxx_auto_type
    Feature record: CXX_FEATURE:1cxx_binary_literals
    Feature record: CXX_FEATURE:1cxx_constexpr
    Feature record: CXX_FEATURE:1cxx_contextual_conversions
    Feature record: CXX_FEATURE:1cxx_decltype
    Feature record: CXX_FEATURE:1cxx_decltype_auto
    Feature record: CXX_FEATURE:1cxx_decltype_incomplete_return_types
    Feature record: CXX_FEATURE:1cxx_default_function_template_args
    Feature record: CXX_FEATURE:1cxx_defaulted_functions
    Feature record: CXX_FEATURE:1cxx_defaulted_move_initializers
    Feature record: CXX_FEATURE:1cxx_delegating_constructors
    Feature record: CXX_FEATURE:1cxx_deleted_functions
    Feature record: CXX_FEATURE:1cxx_digit_separators
    Feature record: CXX_FEATURE:1cxx_enum_forward_declarations
    Feature record: CXX_FEATURE:1cxx_explicit_conversions
    Feature record: CXX_FEATURE:1cxx_extended_friend_declarations
    Feature record: CXX_FEATURE:1cxx_extern_templates
    Feature record: CXX_FEATURE:1cxx_final
    Feature record: CXX_FEATURE:1cxx_func_identifier
    Feature record: CXX_FEATURE:1cxx_generalized_initializers
    Feature record: CXX_FEATURE:1cxx_generic_lambdas
    Feature record: CXX_FEATURE:1cxx_inheriting_constructors
    Feature record: CXX_FEATURE:1cxx_inline_namespaces
    Feature record: CXX_FEATURE:1cxx_lambdas
    Feature record: CXX_FEATURE:1cxx_lambda_init_captures
    Feature record: CXX_FEATURE:1cxx_local_type_template_args
    Feature record: CXX_FEATURE:1cxx_long_long_type
    Feature record: CXX_FEATURE:1cxx_noexcept
    Feature record: CXX_FEATURE:1cxx_nonstatic_member_init
    Feature record: CXX_FEATURE:1cxx_nullptr
    Feature record: CXX_FEATURE:1cxx_override
    Feature record: CXX_FEATURE:1cxx_range_for
    Feature record: CXX_FEATURE:1cxx_raw_string_literals
    Feature record: CXX_FEATURE:1cxx_reference_qualified_functions
    Feature record: CXX_FEATURE:1cxx_relaxed_constexpr
    Feature record: CXX_FEATURE:1cxx_return_type_deduction
    Feature record: CXX_FEATURE:1cxx_right_angle_brackets
    Feature record: CXX_FEATURE:1cxx_rvalue_references
    Feature record: CXX_FEATURE:1cxx_sizeof_member
    Feature record: CXX_FEATURE:1cxx_static_assert
    Feature record: CXX_FEATURE:1cxx_strong_enums
    Feature record: CXX_FEATURE:1cxx_template_template_parameters
    Feature record: CXX_FEATURE:1cxx_thread_local
    Feature record: CXX_FEATURE:1cxx_trailing_return_types
    Feature record: CXX_FEATURE:1cxx_unicode_literals
    Feature record: CXX_FEATURE:1cxx_uniform_initialization
    Feature record: CXX_FEATURE:1cxx_unrestricted_unions
    Feature record: CXX_FEATURE:1cxx_user_literals
    Feature record: CXX_FEATURE:1cxx_variable_templates
    Feature record: CXX_FEATURE:1cxx_variadic_macros
    Feature record: CXX_FEATURE:1cxx_variadic_templates


Detecting CXX [-std=c++14] compiler features compiled with the following output:
Change Dir: /workspaces/testproject/cmake/CMakeFiles/CMakeTmp

Run Build Command:"/usr/bin/make" "cmTC_ac553/fast"
make: Warning: File 'Makefile' has modification time 608630 s in the future
/usr/bin/make -f CMakeFiles/cmTC_ac553.dir/build.make CMakeFiles/cmTC_ac553.dir/build
make[1]: Entering directory '/workspaces/testproject/cmake/CMakeFiles/CMakeTmp'
make[1]: Warning: File 'CMakeFiles/cmTC_ac553.dir/flags.make' has modification time 608630 s in the future
Building CXX object CMakeFiles/cmTC_ac553.dir/feature_tests.cxx.o
/usr/xcc/arm-linux-gnueabihf/bin/arm-linux-gnueabihf-g++    -std=c++14 -o CMakeFiles/cmTC_ac553.dir/feature_tests.cxx.o -c /workspaces/testproject/cmake/CMakeFiles/feature_tests.cxx
Linking CXX executable cmTC_ac553
/usr/bin/cmake -E cmake_link_script CMakeFiles/cmTC_ac553.dir/link.txt --verbose=1
/usr/xcc/arm-linux-gnueabihf/bin/arm-linux-gnueabihf-g++     -L/usr/xcc/arm-linux-gnueabihf/arm-linux-gnueabihf/libc/usr/lib  CMakeFiles/cmTC_ac553.dir/feature_tests.cxx.o  -o cmTC_ac553 
make[1]: warning:  Clock skew detected.  Your build may be incomplete.
make[1]: Leaving directory '/workspaces/testproject/cmake/CMakeFiles/CMakeTmp'
make: warning:  Clock skew detected.  Your build may be incomplete.


    Feature record: CXX_FEATURE:1cxx_aggregate_default_initializers
    Feature record: CXX_FEATURE:1cxx_alias_templates
    Feature record: CXX_FEATURE:1cxx_alignas
    Feature record: CXX_FEATURE:1cxx_alignof
    Feature record: CXX_FEATURE:1cxx_attributes
    Feature record: CXX_FEATURE:1cxx_attribute_deprecated
    Feature record: CXX_FEATURE:1cxx_auto_type
    Feature record: CXX_FEATURE:1cxx_binary_literals
    Feature record: CXX_FEATURE:1cxx_constexpr
    Feature record: CXX_FEATURE:1cxx_contextual_conversions
    Feature record: CXX_FEATURE:1cxx_decltype
    Feature record: CXX_FEATURE:1cxx_decltype_auto
    Feature record: CXX_FEATURE:1cxx_decltype_incomplete_return_types
    Feature record: CXX_FEATURE:1cxx_default_function_template_args
    Feature record: CXX_FEATURE:1cxx_defaulted_functions
    Feature record: CXX_FEATURE:1cxx_defaulted_move_initializers
    Feature record: CXX_FEATURE:1cxx_delegating_constructors
    Feature record: CXX_FEATURE:1cxx_deleted_functions
    Feature record: CXX_FEATURE:1cxx_digit_separators
    Feature record: CXX_FEATURE:1cxx_enum_forward_declarations
    Feature record: CXX_FEATURE:1cxx_explicit_conversions
    Feature record: CXX_FEATURE:1cxx_extended_friend_declarations
    Feature record: CXX_FEATURE:1cxx_extern_templates
    Feature record: CXX_FEATURE:1cxx_final
    Feature record: CXX_FEATURE:1cxx_func_identifier
    Feature record: CXX_FEATURE:1cxx_generalized_initializers
    Feature record: CXX_FEATURE:1cxx_generic_lambdas
    Feature record: CXX_FEATURE:1cxx_inheriting_constructors
    Feature record: CXX_FEATURE:1cxx_inline_namespaces
    Feature record: CXX_FEATURE:1cxx_lambdas
    Feature record: CXX_FEATURE:1cxx_lambda_init_captures
    Feature record: CXX_FEATURE:1cxx_local_type_template_args
    Feature record: CXX_FEATURE:1cxx_long_long_type
    Feature record: CXX_FEATURE:1cxx_noexcept
    Feature record: CXX_FEATURE:1cxx_nonstatic_member_init
    Feature record: CXX_FEATURE:1cxx_nullptr
    Feature record: CXX_FEATURE:1cxx_override
    Feature record: CXX_FEATURE:1cxx_range_for
    Feature record: CXX_FEATURE:1cxx_raw_string_literals
    Feature record: CXX_FEATURE:1cxx_reference_qualified_functions
    Feature record: CXX_FEATURE:1cxx_relaxed_constexpr
    Feature record: CXX_FEATURE:1cxx_return_type_deduction
    Feature record: CXX_FEATURE:1cxx_right_angle_brackets
    Feature record: CXX_FEATURE:1cxx_rvalue_references
    Feature record: CXX_FEATURE:1cxx_sizeof_member
    Feature record: CXX_FEATURE:1cxx_static_assert
    Feature record: CXX_FEATURE:1cxx_strong_enums
    Feature record: CXX_FEATURE:1cxx_template_template_parameters
    Feature record: CXX_FEATURE:1cxx_thread_local
    Feature record: CXX_FEATURE:1cxx_trailing_return_types
    Feature record: CXX_FEATURE:1cxx_unicode_literals
    Feature record: CXX_FEATURE:1cxx_uniform_initialization
    Feature record: CXX_FEATURE:1cxx_unrestricted_unions
    Feature record: CXX_FEATURE:1cxx_user_literals
    Feature record: CXX_FEATURE:1cxx_variable_templates
    Feature record: CXX_FEATURE:1cxx_variadic_macros
    Feature record: CXX_FEATURE:1cxx_variadic_templates


Detecting CXX [-std=c++11] compiler features compiled with the following output:
Change Dir: /workspaces/testproject/cmake/CMakeFiles/CMakeTmp

Run Build Command:"/usr/bin/make" "cmTC_414d4/fast"
make: Warning: File 'Makefile' has modification time 608630 s in the future
/usr/bin/make -f CMakeFiles/cmTC_414d4.dir/build.make CMakeFiles/cmTC_414d4.dir/build
make[1]: Entering directory '/workspaces/testproject/cmake/CMakeFiles/CMakeTmp'
make[1]: Warning: File 'CMakeFiles/cmTC_414d4.dir/flags.make' has modification time 608630 s in the future
Building CXX object CMakeFiles/cmTC_414d4.dir/feature_tests.cxx.o
/usr/xcc/arm-linux-gnueabihf/bin/arm-linux-gnueabihf-g++    -std=c++11 -o CMakeFiles/cmTC_414d4.dir/feature_tests.cxx.o -c /workspaces/testproject/cmake/CMakeFiles/feature_tests.cxx
Linking CXX executable cmTC_414d4
/usr/bin/cmake -E cmake_link_script CMakeFiles/cmTC_414d4.dir/link.txt --verbose=1
/usr/xcc/arm-linux-gnueabihf/bin/arm-linux-gnueabihf-g++     -L/usr/xcc/arm-linux-gnueabihf/arm-linux-gnueabihf/libc/usr/lib  CMakeFiles/cmTC_414d4.dir/feature_tests.cxx.o  -o cmTC_414d4 
make[1]: warning:  Clock skew detected.  Your build may be incomplete.
make[1]: Leaving directory '/workspaces/testproject/cmake/CMakeFiles/CMakeTmp'
make: warning:  Clock skew detected.  Your build may be incomplete.


    Feature record: CXX_FEATURE:0cxx_aggregate_default_initializers
    Feature record: CXX_FEATURE:1cxx_alias_templates
    Feature record: CXX_FEATURE:1cxx_alignas
    Feature record: CXX_FEATURE:1cxx_alignof
    Feature record: CXX_FEATURE:1cxx_attributes
    Feature record: CXX_FEATURE:0cxx_attribute_deprecated
    Feature record: CXX_FEATURE:1cxx_auto_type
    Feature record: CXX_FEATURE:0cxx_binary_literals
    Feature record: CXX_FEATURE:1cxx_constexpr
    Feature record: CXX_FEATURE:0cxx_contextual_conversions
    Feature record: CXX_FEATURE:1cxx_decltype
    Feature record: CXX_FEATURE:0cxx_decltype_auto
    Feature record: CXX_FEATURE:1cxx_decltype_incomplete_return_types
    Feature record: CXX_FEATURE:1cxx_default_function_template_args
    Feature record: CXX_FEATURE:1cxx_defaulted_functions
    Feature record: CXX_FEATURE:1cxx_defaulted_move_initializers
    Feature record: CXX_FEATURE:1cxx_delegating_constructors
    Feature record: CXX_FEATURE:1cxx_deleted_functions
    Feature record: CXX_FEATURE:0cxx_digit_separators
    Feature record: CXX_FEATURE:1cxx_enum_forward_declarations
    Feature record: CXX_FEATURE:1cxx_explicit_conversions
    Feature record: CXX_FEATURE:1cxx_extended_friend_declarations
    Feature record: CXX_FEATURE:1cxx_extern_templates
    Feature record: CXX_FEATURE:1cxx_final
    Feature record: CXX_FEATURE:1cxx_func_identifier
    Feature record: CXX_FEATURE:1cxx_generalized_initializers
    Feature record: CXX_FEATURE:0cxx_generic_lambdas
    Feature record: CXX_FEATURE:1cxx_inheriting_constructors
    Feature record: CXX_FEATURE:1cxx_inline_namespaces
    Feature record: CXX_FEATURE:1cxx_lambdas
    Feature record: CXX_FEATURE:0cxx_lambda_init_captures
    Feature record: CXX_FEATURE:1cxx_local_type_template_args
    Feature record: CXX_FEATURE:1cxx_long_long_type
    Feature record: CXX_FEATURE:1cxx_noexcept
    Feature record: CXX_FEATURE:1cxx_nonstatic_member_init
    Feature record: CXX_FEATURE:1cxx_nullptr
    Feature record: CXX_FEATURE:1cxx_override
    Feature record: CXX_FEATURE:1cxx_range_for
    Feature record: CXX_FEATURE:1cxx_raw_string_literals
    Feature record: CXX_FEATURE:1cxx_reference_qualified_functions
    Feature record: CXX_FEATURE:0cxx_relaxed_constexpr
    Feature record: CXX_FEATURE:0cxx_return_type_deduction
    Feature record: CXX_FEATURE:1cxx_right_angle_brackets
    Feature record: CXX_FEATURE:1cxx_rvalue_references
    Feature record: CXX_FEATURE:1cxx_sizeof_member
    Feature record: CXX_FEATURE:1cxx_static_assert
    Feature record: CXX_FEATURE:1cxx_strong_enums
    Feature record: CXX_FEATURE:1cxx_template_template_parameters
    Feature record: CXX_FEATURE:1cxx_thread_local
    Feature record: CXX_FEATURE:1cxx_trailing_return_types
    Feature record: CXX_FEATURE:1cxx_unicode_literals
    Feature record: CXX_FEATURE:1cxx_uniform_initialization
    Feature record: CXX_FEATURE:1cxx_unrestricted_unions
    Feature record: CXX_FEATURE:1cxx_user_literals
    Feature record: CXX_FEATURE:0cxx_variable_templates
    Feature record: CXX_FEATURE:1cxx_variadic_macros
    Feature record: CXX_FEATURE:1cxx_variadic_templates


Detecting CXX [-std=c++98] compiler features compiled with the following output:
Change Dir: /workspaces/testproject/cmake/CMakeFiles/CMakeTmp

Run Build Command:"/usr/bin/make" "cmTC_ecb12/fast"
make: Warning: File 'Makefile' has modification time 608630 s in the future
/usr/bin/make -f CMakeFiles/cmTC_ecb12.dir/build.make CMakeFiles/cmTC_ecb12.dir/build
make[1]: Entering directory '/workspaces/testproject/cmake/CMakeFiles/CMakeTmp'
make[1]: Warning: File 'CMakeFiles/cmTC_ecb12.dir/flags.make' has modification time 608630 s in the future
Building CXX object CMakeFiles/cmTC_ecb12.dir/feature_tests.cxx.o
/usr/xcc/arm-linux-gnueabihf/bin/arm-linux-gnueabihf-g++    -std=c++98 -o CMakeFiles/cmTC_ecb12.dir/feature_tests.cxx.o -c /workspaces/testproject/cmake/CMakeFiles/feature_tests.cxx
Linking CXX executable cmTC_ecb12
/usr/bin/cmake -E cmake_link_script CMakeFiles/cmTC_ecb12.dir/link.txt --verbose=1
/usr/xcc/arm-linux-gnueabihf/bin/arm-linux-gnueabihf-g++     -L/usr/xcc/arm-linux-gnueabihf/arm-linux-gnueabihf/libc/usr/lib  CMakeFiles/cmTC_ecb12.dir/feature_tests.cxx.o  -o cmTC_ecb12 
make[1]: warning:  Clock skew detected.  Your build may be incomplete.
make[1]: Leaving directory '/workspaces/testproject/cmake/CMakeFiles/CMakeTmp'
make: warning:  Clock skew detected.  Your build may be incomplete.


    Feature record: CXX_FEATURE:0cxx_aggregate_default_initializers
    Feature record: CXX_FEATURE:0cxx_alias_templates
    Feature record: CXX_FEATURE:0cxx_alignas
    Feature record: CXX_FEATURE:0cxx_alignof
    Feature record: CXX_FEATURE:0cxx_attributes
    Feature record: CXX_FEATURE:0cxx_attribute_deprecated
    Feature record: CXX_FEATURE:0cxx_auto_type
    Feature record: CXX_FEATURE:0cxx_binary_literals
    Feature record: CXX_FEATURE:0cxx_constexpr
    Feature record: CXX_FEATURE:0cxx_contextual_conversions
    Feature record: CXX_FEATURE:0cxx_decltype
    Feature record: CXX_FEATURE:0cxx_decltype_auto
    Feature record: CXX_FEATURE:0cxx_decltype_incomplete_return_types
    Feature record: CXX_FEATURE:0cxx_default_function_template_args
    Feature record: CXX_FEATURE:0cxx_defaulted_functions
    Feature record: CXX_FEATURE:0cxx_defaulted_move_initializers
    Feature record: CXX_FEATURE:0cxx_delegating_constructors
    Feature record: CXX_FEATURE:0cxx_deleted_functions
    Feature record: CXX_FEATURE:0cxx_digit_separators
    Feature record: CXX_FEATURE:0cxx_enum_forward_declarations
    Feature record: CXX_FEATURE:0cxx_explicit_conversions
    Feature record: CXX_FEATURE:0cxx_extended_friend_declarations
    Feature record: CXX_FEATURE:0cxx_extern_templates
    Feature record: CXX_FEATURE:0cxx_final
    Feature record: CXX_FEATURE:0cxx_func_identifier
    Feature record: CXX_FEATURE:0cxx_generalized_initializers
    Feature record: CXX_FEATURE:0cxx_generic_lambdas
    Feature record: CXX_FEATURE:0cxx_inheriting_constructors
    Feature record: CXX_FEATURE:0cxx_inline_namespaces
    Feature record: CXX_FEATURE:0cxx_lambdas
    Feature record: CXX_FEATURE:0cxx_lambda_init_captures
    Feature record: CXX_FEATURE:0cxx_local_type_template_args
    Feature record: CXX_FEATURE:0cxx_long_long_type
    Feature record: CXX_FEATURE:0cxx_noexcept
    Feature record: CXX_FEATURE:0cxx_nonstatic_member_init
    Feature record: CXX_FEATURE:0cxx_nullptr
    Feature record: CXX_FEATURE:0cxx_override
    Feature record: CXX_FEATURE:0cxx_range_for
    Feature record: CXX_FEATURE:0cxx_raw_string_literals
    Feature record: CXX_FEATURE:0cxx_reference_qualified_functions
    Feature record: CXX_FEATURE:0cxx_relaxed_constexpr
    Feature record: CXX_FEATURE:0cxx_return_type_deduction
    Feature record: CXX_FEATURE:0cxx_right_angle_brackets
    Feature record: CXX_FEATURE:0cxx_rvalue_references
    Feature record: CXX_FEATURE:0cxx_sizeof_member
    Feature record: CXX_FEATURE:0cxx_static_assert
    Feature record: CXX_FEATURE:0cxx_strong_enums
    Feature record: CXX_FEATURE:1cxx_template_template_parameters
    Feature record: CXX_FEATURE:0cxx_thread_local
    Feature record: CXX_FEATURE:0cxx_trailing_return_types
    Feature record: CXX_FEATURE:0cxx_unicode_literals
    Feature record: CXX_FEATURE:0cxx_uniform_initialization
    Feature record: CXX_FEATURE:0cxx_unrestricted_unions
    Feature record: CXX_FEATURE:0cxx_user_literals
    Feature record: CXX_FEATURE:0cxx_variable_templates
    Feature record: CXX_FEATURE:0cxx_variadic_macros
    Feature record: CXX_FEATURE:0cxx_variadic_templates
Determining if files stdint.h exist passed with the following output:
Change Dir: /workspaces/testproject/cmake/CMakeFiles/CMakeTmp

Run Build Command:"/usr/bin/make" "cmTC_f6039/fast"
make: Warning: File 'Makefile' has modification time 608630 s in the future
/usr/bin/make -f CMakeFiles/cmTC_f6039.dir/build.make CMakeFiles/cmTC_f6039.dir/build
make[1]: Entering directory '/workspaces/testproject/cmake/CMakeFiles/CMakeTmp'
make[1]: Warning: File 'CMakeFiles/cmTC_f6039.dir/flags.make' has modification time 608630 s in the future
Building C object CMakeFiles/cmTC_f6039.dir/CheckIncludeFiles.c.o
/usr/xcc/arm-linux-gnueabihf/bin/arm-linux-gnueabihf-gcc   --std=c99   -fPIE   -o CMakeFiles/cmTC_f6039.dir/CheckIncludeFiles.c.o   -c /workspaces/testproject/cmake/CMakeFiles/CMakeTmp/CheckIncludeFiles.c
Linking C executable cmTC_f6039
/usr/bin/cmake -E cmake_link_script CMakeFiles/cmTC_f6039.dir/link.txt --verbose=1
/usr/xcc/arm-linux-gnueabihf/bin/arm-linux-gnueabihf-gcc --std=c99    -L/usr/xcc/arm-linux-gnueabihf/arm-linux-gnueabihf/libc/usr/lib  CMakeFiles/cmTC_f6039.dir/CheckIncludeFiles.c.o  -o cmTC_f6039 
make[1]: warning:  Clock skew detected.  Your build may be incomplete.
make[1]: Leaving directory '/workspaces/testproject/cmake/CMakeFiles/CMakeTmp'
make: warning:  Clock skew detected.  Your build may be incomplete.


Determining if files stdbool.h exist passed with the following output:
Change Dir: /workspaces/testproject/cmake/CMakeFiles/CMakeTmp

Run Build Command:"/usr/bin/make" "cmTC_8f17e/fast"
make: Warning: File 'Makefile' has modification time 608630 s in the future
/usr/bin/make -f CMakeFiles/cmTC_8f17e.dir/build.make CMakeFiles/cmTC_8f17e.dir/build
make[1]: Entering directory '/workspaces/testproject/cmake/CMakeFiles/CMakeTmp'
make[1]: Warning: File 'CMakeFiles/cmTC_8f17e.dir/flags.make' has modification time 608630 s in the future
Building C object CMakeFiles/cmTC_8f17e.dir/CheckIncludeFiles.c.o
/usr/xcc/arm-linux-gnueabihf/bin/arm-linux-gnueabihf-gcc   --std=c99   -fPIE   -o CMakeFiles/cmTC_8f17e.dir/CheckIncludeFiles.c.o   -c /workspaces/testproject/cmake/CMakeFiles/CMakeTmp/CheckIncludeFiles.c
Linking C executable cmTC_8f17e
/usr/bin/cmake -E cmake_link_script CMakeFiles/cmTC_8f17e.dir/link.txt --verbose=1
/usr/xcc/arm-linux-gnueabihf/bin/arm-linux-gnueabihf-gcc --std=c99    -L/usr/xcc/arm-linux-gnueabihf/arm-linux-gnueabihf/libc/usr/lib  CMakeFiles/cmTC_8f17e.dir/CheckIncludeFiles.c.o  -o cmTC_8f17e 
make[1]: warning:  Clock skew detected.  Your build may be incomplete.
make[1]: Leaving directory '/workspaces/testproject/cmake/CMakeFiles/CMakeTmp'
make: warning:  Clock skew detected.  Your build may be incomplete.


Determining if the __arm__ exist passed with the following output:
Change Dir: /workspaces/testproject/cmake/CMakeFiles/CMakeTmp

Run Build Command:"/usr/bin/make" "cmTC_5ab70/fast"
make: Warning: File 'Makefile' has modification time 608630 s in the future
/usr/bin/make -f CMakeFiles/cmTC_5ab70.dir/build.make CMakeFiles/cmTC_5ab70.dir/build
make[1]: Entering directory '/workspaces/testproject/cmake/CMakeFiles/CMakeTmp'
make[1]: Warning: File 'CMakeFiles/cmTC_5ab70.dir/flags.make' has modification time 608630 s in the future
Building C object CMakeFiles/cmTC_5ab70.dir/CheckSymbolExists.c.o
/usr/xcc/arm-linux-gnueabihf/bin/arm-linux-gnueabihf-gcc   -D_POSIX_C_SOURCE=200112L --std=c99  -Werror  -fPIE   -o CMakeFiles/cmTC_5ab70.dir/CheckSymbolExists.c.o   -c /workspaces/testproject/cmake/CMakeFiles/CMakeTmp/CheckSymbolExists.c
Linking C executable cmTC_5ab70
/usr/bin/cmake -E cmake_link_script CMakeFiles/cmTC_5ab70.dir/link.txt --verbose=1
/usr/xcc/arm-linux-gnueabihf/bin/arm-linux-gnueabihf-gcc -D_POSIX_C_SOURCE=200112L --std=c99  -Werror   -L/usr/xcc/arm-linux-gnueabihf/arm-linux-gnueabihf/libc/usr/lib  CMakeFiles/cmTC_5ab70.dir/CheckSymbolExists.c.o  -o cmTC_5ab70 
make[1]: warning:  Clock skew detected.  Your build may be incomplete.
make[1]: Leaving directory '/workspaces/testproject/cmake/CMakeFiles/CMakeTmp'
make: warning:  Clock skew detected.  Your build may be incomplete.

File /workspaces/testproject/cmake/CMakeFiles/CMakeTmp/CheckSymbolExists.c:
/* */

int main(int argc, char** argv)
{
  (void)argv;
#ifndef __arm__
  return ((int*)(&__arm__))[argc];
#else
  (void)argc;
  return 0;
#endif
}

Performing C++ SOURCE FILE Test CXX_FLAG_CXX11 succeeded with the following output:
Change Dir: /workspaces/testproject/cmake/CMakeFiles/CMakeTmp

Run Build Command:"/usr/bin/make" "cmTC_61ae4/fast"
make: Warning: File 'Makefile' has modification time 608630 s in the future
/usr/bin/make -f CMakeFiles/cmTC_61ae4.dir/build.make CMakeFiles/cmTC_61ae4.dir/build
make[1]: Entering directory '/workspaces/testproject/cmake/CMakeFiles/CMakeTmp'
make[1]: Warning: File 'CMakeFiles/cmTC_61ae4.dir/flags.make' has modification time 608630 s in the future
Building CXX object CMakeFiles/cmTC_61ae4.dir/src.cxx.o
/usr/xcc/arm-linux-gnueabihf/bin/arm-linux-gnueabihf-g++    -Werror -DCXX_FLAG_CXX11 -fPIE   -std=c++11 -o CMakeFiles/cmTC_61ae4.dir/src.cxx.o -c /workspaces/testproject/cmake/CMakeFiles/CMakeTmp/src.cxx
Linking CXX executable cmTC_61ae4
/usr/bin/cmake -E cmake_link_script CMakeFiles/cmTC_61ae4.dir/link.txt --verbose=1
/usr/xcc/arm-linux-gnueabihf/bin/arm-linux-gnueabihf-g++   -Werror -DCXX_FLAG_CXX11  -L/usr/xcc/arm-linux-gnueabihf/arm-linux-gnueabihf/libc/usr/lib  CMakeFiles/cmTC_61ae4.dir/src.cxx.o  -o cmTC_61ae4 
make[1]: warning:  Clock skew detected.  Your build may be incomplete.
make[1]: Leaving directory '/workspaces/testproject/cmake/CMakeFiles/CMakeTmp'
make: warning:  Clock skew detected.  Your build may be incomplete.

Source file was:
int main() { return 0; }
