Determining if the __x86_64__ exist failed with the following output:
Change Dir: /workspaces/testproject/cmake/CMakeFiles/CMakeTmp

Run Build Command:"/usr/bin/make" "cmTC_6346d/fast"
make: Warning: File 'Makefile' has modification time 608630 s in the future
/usr/bin/make -f CMakeFiles/cmTC_6346d.dir/build.make CMakeFiles/cmTC_6346d.dir/build
make[1]: Entering directory '/workspaces/testproject/cmake/CMakeFiles/CMakeTmp'
make[1]: Warning: File 'CMakeFiles/cmTC_6346d.dir/flags.make' has modification time 608630 s in the future
Building C object CMakeFiles/cmTC_6346d.dir/CheckSymbolExists.c.o
/usr/xcc/arm-linux-gnueabihf/bin/arm-linux-gnueabihf-gcc   -D_POSIX_C_SOURCE=200112L --std=c99  -Werror  -fPIE   -o CMakeFiles/cmTC_6346d.dir/CheckSymbolExists.c.o   -c /workspaces/testproject/cmake/CMakeFiles/CMakeTmp/CheckSymbolExists.c
/workspaces/testproject/cmake/CMakeFiles/CMakeTmp/CheckSymbolExists.c: In function 'main':
/workspaces/testproject/cmake/CMakeFiles/CMakeTmp/CheckSymbolExists.c:7:19: error: '__x86_64__' undeclared (first use in this function); did you mean '__INT64_C'?
   return ((int*)(&__x86_64__))[argc];
                   ^~~~~~~~~~
                   __INT64_C
/workspaces/testproject/cmake/CMakeFiles/CMakeTmp/CheckSymbolExists.c:7:19: note: each undeclared identifier is reported only once for each function it appears in
CMakeFiles/cmTC_6346d.dir/build.make:65: recipe for target 'CMakeFiles/cmTC_6346d.dir/CheckSymbolExists.c.o' failed
make[1]: *** [CMakeFiles/cmTC_6346d.dir/CheckSymbolExists.c.o] Error 1
make[1]: Leaving directory '/workspaces/testproject/cmake/CMakeFiles/CMakeTmp'
Makefile:126: recipe for target 'cmTC_6346d/fast' failed
make: *** [cmTC_6346d/fast] Error 2

File /workspaces/testproject/cmake/CMakeFiles/CMakeTmp/CheckSymbolExists.c:
/* */

int main(int argc, char** argv)
{
  (void)argv;
#ifndef __x86_64__
  return ((int*)(&__x86_64__))[argc];
#else
  (void)argc;
  return 0;
#endif
}

Determining if the __i386__ exist failed with the following output:
Change Dir: /workspaces/testproject/cmake/CMakeFiles/CMakeTmp

Run Build Command:"/usr/bin/make" "cmTC_3ef83/fast"
make: Warning: File 'Makefile' has modification time 608630 s in the future
/usr/bin/make -f CMakeFiles/cmTC_3ef83.dir/build.make CMakeFiles/cmTC_3ef83.dir/build
make[1]: Entering directory '/workspaces/testproject/cmake/CMakeFiles/CMakeTmp'
make[1]: Warning: File 'CMakeFiles/cmTC_3ef83.dir/flags.make' has modification time 608630 s in the future
Building C object CMakeFiles/cmTC_3ef83.dir/CheckSymbolExists.c.o
/usr/xcc/arm-linux-gnueabihf/bin/arm-linux-gnueabihf-gcc   -D_POSIX_C_SOURCE=200112L --std=c99  -Werror  -fPIE   -o CMakeFiles/cmTC_3ef83.dir/CheckSymbolExists.c.o   -c /workspaces/testproject/cmake/CMakeFiles/CMakeTmp/CheckSymbolExists.c
/workspaces/testproject/cmake/CMakeFiles/CMakeTmp/CheckSymbolExists.c: In function 'main':
/workspaces/testproject/cmake/CMakeFiles/CMakeTmp/CheckSymbolExists.c:7:19: error: '__i386__' undeclared (first use in this function); did you mean '__LINE__'?
   return ((int*)(&__i386__))[argc];
                   ^~~~~~~~
                   __LINE__
/workspaces/testproject/cmake/CMakeFiles/CMakeTmp/CheckSymbolExists.c:7:19: note: each undeclared identifier is reported only once for each function it appears in
CMakeFiles/cmTC_3ef83.dir/build.make:65: recipe for target 'CMakeFiles/cmTC_3ef83.dir/CheckSymbolExists.c.o' failed
make[1]: *** [CMakeFiles/cmTC_3ef83.dir/CheckSymbolExists.c.o] Error 1
make[1]: Leaving directory '/workspaces/testproject/cmake/CMakeFiles/CMakeTmp'
Makefile:126: recipe for target 'cmTC_3ef83/fast' failed
make: *** [cmTC_3ef83/fast] Error 2

File /workspaces/testproject/cmake/CMakeFiles/CMakeTmp/CheckSymbolExists.c:
/* */

int main(int argc, char** argv)
{
  (void)argv;
#ifndef __i386__
  return ((int*)(&__i386__))[argc];
#else
  (void)argc;
  return 0;
#endif
}

